make.exe all --print-data-base --no-builtin-variables --no-builtin-rules --question
# GNU Make 4.3
# Built for x86_64-pc-cygwin
# Copyright (C) 1988-2020 Free Software Foundation, Inc.
# License GPLv3+: GNU GPL version 3 or later <http://gnu.org/licenses/gpl.html>
# This is free software: you are free to change and redistribute it.
# There is NO WARRANTY, to the extent permitted by law.
 

# Make data base, printed on Wed Jun 29 10:27:57 2022

# Variables
 

# environment
FPS_BROWSER_APP_PROFILE_STRING = Internet Explorer
# environment
SYSTEMDRIVE = C:
# environment
JAVA_HOME = C:\Program Files\Microsoft\jdk-17.0.3.7-hotspot\
# environment
LC_ALL = C
# environment
USERPROFILE = C:\Users\Noah Lie
# environment
LOCALAPPDATA = C:\Users\Noah Lie\AppData\Local
# environment
VSCODE_IPC_HOOK_EXTHOST = \\.\pipe\vscode-ipc-cbc5167d-fcd6-4e56-ae33-a6440967a62e-sock
# environment
VSCODE_CWD = C:\Users\Noah Lie\OneDrive\Desktop\cppbutibadasitnested\msledit
# environment
CHOCOLATEYINSTALL = C:\ProgramData\chocolatey
# environment
SYSTEMROOT = C:\WINDOWS
# environment
PROCESSOR_LEVEL = 6
# environment
PSMODULEPATH = C:\Program Files\WindowsPowerShell\Modules;C:\WINDOWS\system32\WindowsPowerShell\v1.0\Modules
# default
MAKE_COMMAND := make
# automatic
@D = $(patsubst %/,%,$(dir $@))
# environment
CHROME_CRASHPAD_PIPE_NAME = \\.\pipe\crashpad_2244_VDYLHOTFECBJWHFB
# environment
FPS_BROWSER_USER_PROFILE_STRING = Default
# environment
VSCODE_HANDLES_UNCAUGHT_ERRORS = true
# default
.VARIABLES := 
# environment
PWD = /cygdrive/c/Users/Noah Lie/OneDrive/Desktop/cppbutibadasitnested/msledit
# automatic
 
%D = $(patsubst %/,%,$(dir $%))
# environment
HOSTNAME = DESKTOP-AU1IU55
# environment
OLDPWD = /cygdrive/c/Users/Noah Lie/OneDrive/Desktop/cppbutibadasitnested
# automatic
^D = $(patsubst %/,%,$(dir $^))
# environment
VSCODE_LOG_STACK = false
# automatic
%F = $(notdir $%)
# environment
VSCODE_CODE_CACHE_PATH = C:\Users\Noah Lie\AppData\Roaming\Code\CachedData\30d9c6cd9483b2cc586687151bcbcd635f373630
# environment
PROFILEREAD = true
# environment
LANG = C
# default
.LOADED := 
# environment
TMP = /tmp
# default
.INCLUDE_DIRS = /usr/include /usr/local/include /usr/include
# environment
CONFIGSETROOT = C:\WINDOWS\ConfigSetRoot
# makefile
MAKEFLAGS = pqrR
# environment
ONEDRIVE = C:\Users\Noah Lie\OneDrive
# environment
POWERSHELL_DISTRIBUTION_CHANNEL = MSI:Windows 10 Home Single Language
# makefile
CURDIR := /cygdrive/c/Users/Noah Lie/OneDrive/Desktop/cppbutibadasitnested/msledit
# environment
VSCODE_PIPE_LOGGING = true
# environment
APPLICATION_INSIGHTS_NO_DIAGNOSTIC_CHANNEL = true
# automatic
*D = $(patsubst %/,%,$(dir $*))
# environment
PROGRAMFILES = C:\Program Files
# environment
MFLAGS = -pqrR
# default
.SHELLFLAGS := -c
# environment
!C: = c:\Users\Noah Lie\OneDrive\Desktop\cppbutibadasitnested\msledit
# environment
COMMONPROGRAMW6432 = C:\Program Files\Common Files
# automatic
+D = $(patsubst %/,%,$(dir $+))
# makefile (from 'makefile', line 1)
MAKEFILE_LIST := makefile
# automatic
@F = $(notdir $@)
# environment
VSCODE_VERBOSE_LOGGING = true
# environment
MINTTY_SHORTCUT = /cygdrive/c/ProgramData/Microsoft/Windows/Start Menu/Programs/Cygwin/Cygwin64 Terminal.lnk
# environment
VSCODE_PID = 2244
# automatic
?D = $(patsubst %/,%,$(dir $?))
# automatic
*F = $(notdir $*)
# automatic
<D = $(patsubst %/,%,$(dir $<))
# environment
VSCODE_NLS_CONFIG = {"locale":"en-us","availableLanguages":{},"_languagePackSupport":true}
# default
MAKE_HOST := x86_64-pc-cygwin
# environment
PROGRAMDATA = C:\ProgramData
# environment
INFOPATH = /usr/local/info:/usr/share/info:/usr/info
# makefile
SHELL = /bin/sh
# environment
ORIGINAL_PATH = /cygdrive/c/Program Files/Microsoft/jdk-17.0.3.7-hotspot/bin:/cygdrive/c/ProgramData/chocolatey/bin:C:/cygdrive/c/Users/Noah Lie/AppData/Local/Programs/Python/Python39/Scripts:/cygdrive/c/Users/Noah Lie/AppData/Local/Programs/Python/Python39:/cygdrive/c/Users/Noah Lie/AppData/Local/Programs/Python/Launcher:/cygdrive/c/Users/Noah Lie/AppData/Local/Microsoft/WindowsApps:/cygdrive/c/Users/Noah Lie/AppData/Local/Programs/Git/cmd:/cygdrive/c/Users/Noah Lie/AppData/Local/Programs/Git LFS:/cygdrive/c/Users/Noah Lie/AppData/Local/atom/bin:/cygdrive/c/Users/Noah Lie/.dotnet/tools:/cygdrive/c/Users/Noah Lie/AppData/Local/Microsoft/WindowsApps:/cygdrive/c/Users/Noah Lie/AppData/Local/Programs/Microsoft VS Code/bin:/cygdrive/c/Users/Noah Lie/AppData/Roaming/npm:/cygdrive/c/Windows/System32:/cygdrive/c/Windows/System32:/cygdrive/c/Program Files/PowerShell/7:/cygdrive/c/Program Files/Ballerina/bin:/cygdrive/c/Program Files (x86)/nodejs:/cygdrive/c/WebDriver/bin:/cygdrive/c/page:/cygdrive/c/Program Files/nod 
ejs:/cygdrive/c/Program Files/dotnet:/cygdrive/c/Users/Noah Lie/AppData/Local/Programs/Python/Python39/Scripts:/cygdrive/c/Users/Noah Lie/AppData/Local/Programs/Python/Python39:/cygdrive/c/Users/Noah Lie/AppData/Local/Programs/Python/Launcher:/cygdrive/c/Users/Noah Lie/AppData/Local/Microsoft/WindowsApps:/cygdrive/c/Users/Noah Lie/AppData/Local/Programs/Git/cmd:/cygdrive/c/Users/Noah Lie/AppData/Local/Programs/Git LFS:/cygdrive/c/Users/Noah Lie/AppData/Local/atom/bin:/cygdrive/c/Users/Noah Lie/.dotnet/tools:/cygdrive/c/Users/Noah Lie/AppData/Local/Microsoft/WindowsApps:/cygdrive/c/Users/Noah Lie/AppData/Local/Programs/Microsoft VS Code/bin:/cygdrive/c/Users/Noah Lie/AppData/Roaming/npm
 
# environment
 
HOMEPATH = \Users\Noah Lie
# default
MAKECMDGOALS := all
# environment
SHLVL = 2
# environment
DRIVERDATA = C:\Windows\System32\Drivers\DriverData
# environment
COMSPEC = C:\WINDOWS\system32\cmd.exe
# environment
WINDIR = C:\WINDOWS
# environment
MAKELEVEL := 0
# default
MAKE = $(MAKE_COMMAND)
# environment
PATH = .:/:/opt:/aptcyg:/shar/mshar:/opt/schily/bin:/opt/schily/sbin:/usr/local/bin:/usr/bin:/cygdrive/c/Program Files/Microsoft/jdk-17.0.3.7-hotspot/bin:/cygdrive/c/ProgramData/chocolatey/bin:C:/cygdrive/c/Users/Noah Lie/AppData/Local/Programs/Python/Python39/Scripts:/cygdrive/c/Users/Noah Lie/AppData/Local/Programs/Python/Python39:/cygdrive/c/Users/Noah Lie/AppData/Local/Programs/Python/Launcher:/cygdrive/c/Users/Noah Lie/AppData/Local/Microsoft/WindowsApps:/cygdrive/c/Users/Noah Lie/AppData/Local/Programs/Git/cmd:/cygdrive/c/Users/Noah Lie/AppData/Local/Programs/Git LFS:/cygdrive/c/Users/Noah Lie/AppData/Local/atom/bin:/cygdrive/c/Users/Noah Lie/.dotnet/tools:/cygdrive/c/Users/Noah Lie/AppData/Local/Microsoft/WindowsApps:/cygdrive/c/Users/Noah Lie/AppData/Local/Programs/Microsoft VS Code/bin:/cygdrive/c/Users/Noah Lie/AppData/Roaming/npm:/cygdrive/c/Windows/System32:/cygdrive/c/Windows/System32:/cygdrive/c/Program Files/PowerShell/7:/cygdrive/c/Program Files/Ballerina/bin:/cygdrive/c/Program Files (x86)/nodejs:/cygdrive/c/WebDriver/bin:/cygdrive/c/page:/cygdrive/c/Program Files/nodejs:/cygdrive/c/Program Files/dotnet:/cygdrive/c/Users/Noah Lie/AppData/Local/Programs/Python/Python39/Scripts:/cygdrive/c/Users/Noah Lie/AppData/Local/Programs/Python/Python39:/cygdrive/c/Users/Noah Lie/AppData/Local/Programs/Python/Launcher:/cygdrive/c/Users/Noah Lie/AppData/Local/Microsoft/WindowsApps:/cygdrive/c/Users/Noah Lie/AppData/Local/Programs/Git/cmd:/cygdrive/c/Users/Noah Lie/AppData/Local/Programs/Git LFS:/cygdrive/c/Users/Noah Lie/AppData/Local/atom/bin:/cygdrive/c/Users/Noah Lie/.dotnet/tools:/cygdrive/c/Users/Noah Lie/AppData/Local/Microsoft/WindowsApps:/cygdrive/c/Users/Noah Lie/AppData/Local/Programs/Microsoft VS Code/bin:/cygdrive/c/Users/Noah Lie/AppData/Roaming/npm
 
# environment
COMPUTERNAME = DESKTOP-AU1IU55
 
# default
MAKEFILES := 
# automatic
^F = $(notdir $^)
# environment
PROMPT = $P$G
# environment
LOGONSERVER = \\DESKTOP-AU1IU55
# environment
VSCODE_LOG_NATIVE = false
# environment
USERNAME = Noah Lie
# environment
TERM_PROGRAM = mintty
# environment
COMMONPROGRAMFILES = C:\Program Files\Common Files
# environment
PRINTER = Microsoft Print to PDF
# automatic
?F = $(notdir $?)
# environment
PROGRAMW6432 = C:\Program Files
# environment
PATHEXT = .COM;.EXE;.BAT;.CMD;.VBS;.VBE;.JS;.JSE;.WSF;.WSH;.MSC
# automatic
+F = $(notdir $+)
# environment
ORIGINAL_XDG_CURRENT_DESKTOP = undefined
# environment
USERDOMAIN = DESKTOP-AU1IU55
# 'override' directive
GNUMAKEFLAGS := 
# environment
GIT_LFS_PATH = C:\Users\Noah Lie\AppData\Local\Programs\Git LFS
# environment
OS = Windows_NT
# environment
EXECIGNORE = *.dll
 
# makefile (from 'makefile', line 3)
.DEFAULT_GOAL := all
# environment
OPENCV_DIR = C:\OpenCV\opencv\build\x64\vc15
# environment
USER = Noah Lie
# default
MAKE_VERSION := 4.3
# environment
PROGRAMFILES(X86) = C:\Program Files (x86)
# environment
USERDOMAIN_ROAMINGPROFILE = DESKTOP-AU1IU55
# environment
NUMBER_OF_PROCESSORS = 4
# environment
PUBLIC = C:\Users\Public
# environment
_ = /cygdrive/c/Users/Noah Lie/AppData/Local/Programs/Microsoft VS Code/Code.exe
# environment
APPDATA = C:\Users\Noah Lie\AppData\Roaming
# environment
HOMEDRIVE = C:
# environment
LC_CTYPE = en_US.UTF-8
# environment
PROCESSOR_ARCHITECTURE = AMD64
# environment
VSCODE_AMD_ENTRYPOINT = vs/workbench/api/node/extensionHostProcess
# environment
HOME = /home/Noah Lie
# environment
COMMONPROGRAMFILES(X86) = C:\Program Files (x86)\Common Files
# environment
ELECTRON_RUN_AS_NODE = 1
# environment
TEMP = /tmp
# environment
TERM = xterm
# environment
VSCODE_IPC_HOOK = \\.\pipe\5f8277f1ee15bec052c311c3bcd79ad1-1.68.1-main-sock
# default
.RECIPEPREFIX := 
# automatic
<F = $(notdir $<)
 
# default
SUFFIXES := 
# environment
ALLUSERSPROFILE = C:\ProgramData
# environment
SESSIONNAME = Console
# environment
VSCODE_CLI = 1
# environment
ELECTRON_NO_ATTACH_CONSOLE = 1
# default
.FEATURES := target-specific order-only second-expansion else-if shortest-stem undefine oneshell nocomment grouped-target extra-prereqs archives jobserver output-sync check-symlink guile load
# environment
PROCESSOR_REVISION = 8e0c
# environment
TERM_PROGRAM_VERSION = 3.6.1
# environment
PROCESSOR_IDENTIFIER = Intel64 Family 6 Model 142 Stepping 12, GenuineIntel
# variable set hash-table stats:
 
# Load=119/1024=12%, Rehash=0, Collisions=12/152=8%

# Pattern-specific Variable Values

# No pattern-specific variable values.
 

# Directories

# . (device 2988266868, inode 19703248370173862): 10 files, no impossibilities.

 
# 10 files, no impossibilities in 1 directories.
 

# Implicit Rules

# No implicit rules.

# Files

docs: cls
#  Phony target (prerequisite of .PHONY).
#  Implicit rule search has not been done.
#  File does not exist.
#  File has not been updated.
#  recipe to execute (from 'makefile', line 18):
	@echo "Making docs"
	doxygen Doxyfile

clean:
#  Phony target (prerequisite of .PHONY).
#  Implicit rule search has not been done.
#  File does not exist.
#  File has not been updated.
#  recipe to execute (from 'makefile', line 28):
	@echo "Cleaning up"
	@rm *.stackdump
	@echo "Delegating to bin-src makefile"
	@cd "./bin-src" && $(MAKE) clean

# Not a target:
.DEFAULT:
#  Implicit rule search has not been done.
#  Modification time never checked.
#  File has not been updated.

init:
#  Phony target (prerequisite of .PHONY).
#  Implicit rule search has not been done.
#  File does not exist.
#  File has not been updated.
#  recipe to execute (from 'makefile', line 23):
	@echo "Initializing things"
	@echo "Delegating to bin-src makefile"
	@cd "./bin-src" && $(MAKE) init

all: cls build
#  Phony target (prerequisite of .PHONY).
#  Command line target.
#  Implicit rule search has not been done.
#  File does not exist.
#  File has been updated.
#  Needs to be updated (-q is set).
# variable set hash-table stats:
# Load=0/32=0%, Rehash=0, Collisions=0/3=0%

build:
#  Phony target (prerequisite of .PHONY).
#  Implicit rule search has not been done.
#  File does not exist.
#  File has not been updated.
#  recipe to execute (from 'makefile', line 12):
	@echo "Delegating to bin-src makefile"
	@cd "./bin-src" && $(MAKE) build

# Not a target:
makefile:
#  Implicit rule search has been done.
#  Last modified 2022-06-29 10:27:13.2694516
#  File has been updated.
#  Successfully updated.

cls:
#  Phony target (prerequisite of .PHONY).
#  Implicit rule search has not been done.
#  Implicit/static pattern stem: ''
#  File does not exist.
#  File has been updated.
#  Needs to be updated (-q is set).
# automatic
# @ := cls
# automatic
# * := 
# automatic
# < := 
# automatic
# + := 
# automatic
# % := 
# automatic
# ^ := 
# automatic
# ? := 
# automatic
# | := 
# variable set hash-table stats:
# Load=8/32=25%, Rehash=0, Collisions=1/11=9%
#  recipe to execute (from 'makefile', line 8):
	@clear || cls

# Not a target:
.SUFFIXES:
#  Implicit rule search has not been done.
#  Modification time never checked.
#  File has not been updated.

.PHONY: all cls build docs init clean
#  Implicit rule search has not been done.
#  Modification time never checked.
#  File has not been updated.

# files hash-table stats:
 
# Load=10/1024=1%, Rehash=0, Collisions=0/36=0%
# VPATH Search Paths

# No 'vpath' search paths.

# No general ('VPATH' variable) search path.

# strcache buffers: 1 (0) / strings = 21 / storage = 164 B / avg = 7 B
# current buf: size = 8162 B / used = 164 B / count = 21 / avg = 7 B

# strcache performance: lookups = 43 / hit rate = 51%
# hash-table stats:
# Load=21/8192=0%, Rehash=0, Collisions=0/43=0%
# Finished Make data base on Wed Jun 29 10:27:57 2022

 
